BioNetGen version 2.9.0
Reading from file d:\Data\Dokumenti\Lara_dokumenti\Programiranje\Coursera\Biological Modeling\Module 2 Unpacking E. colis Genius Exploration Algorithm\EColiSimulations\ligand_receptor\2023_10_03__14_25_44\ligand_receptor.bngl (level 0)
Read 2 molecule types.
Read 3 observable(s).
Read 5 parameters.
Read 1 reaction rule(s).
Read 2 species.
ACTION: generate_network( ligand_receptor )
Iteration   0:     2 species      0 rxns  0.00e+00 CPU s
Iteration   1:     3 species      1 rxns  0.00e+00 CPU s
Iteration   2:     3 species      2 rxns  0.00e+00 CPU s
Cumulative CPU time for each rule
Rule   1:     2 reactions 0.00e+00 CPU s 0.00e+00 CPU s/rxn
Total   :     2 reactions 0.00e+00 CPU s 0.00e+00 CPU s/rxn
Wrote network in net format to ligand_receptor.net.
CPU TIME: generate_network 0.02 s.
ACTION: simulate( method=>"ssa" )
Network simulation using ssa
WARNING: writeFile(): Overwriting existing file ligand_receptor.net.
Wrote network in net format to ligand_receptor.net.
Running run_network on Fuqoff
full command: D:\VM\Anaconda\lib\site-packages\bionetgen\bng-win\bin\run_network.exe -o ligand_receptor -p ssa -h 975540611 --cdat 1 --fdat 0 -g ligand_receptor.net ligand_receptor.net 0.01 100
[simulation PID is: 14948]
run_network 3.0
Read 5 parameters from ligand_receptor.net
Read 3 species from ligand_receptor.net
Read 3 group(s) from ligand_receptor.net
Read 0 function(s) from ligand_receptor.net
Read 2 reaction(s) from ligand_receptor.net
2 reaction(s) have nonzero rate
rxn_rate_update_interval=1
Average number of update rxns is 2.00
Initialization took 0.00 CPU seconds
Stochastic simulation using direct Gillespie algorithm
TOTAL STEPS: 338209
Time course of concentrations written to file ligand_receptor.cdat.
Time course of groups written to file ligand_receptor.gdat.
Propagation took 3.10e-02 CPU seconds
Program times:  0.03 CPU s 0.00 clock s
Updating species concentrations from ligand_receptor.cdat
CPU TIME: simulate 0.00 s.
Finished processing file d:\Data\Dokumenti\Lara_dokumenti\Programiranje\Coursera\Biological Modeling\Module 2 Unpacking E. colis Genius Exploration Algorithm\EColiSimulations\ligand_receptor\2023_10_03__14_25_44\ligand_receptor.bngl.
CPU TIME: total 0.02 s.